\BOOKMARK [0][-]{chapter*.6}{\376\377\000I\000n\000t\000r\000o\000d\000u\000c\000t\000i\000o\000n\000\040\000g\000\351\000n\000\351\000r\000a\000l\000e}{}% 1
\BOOKMARK [0][-]{chapter.1}{\376\377\000C\000o\000n\000t\000e\000x\000t\000e\000\040\000d\000u\000\040\000p\000r\000o\000j\000e\000t}{}% 2
\BOOKMARK [1][-]{section.1.1}{\376\377\000I\000n\000t\000r\000o\000d\000u\000c\000t\000i\000o\000n}{chapter.1}% 3
\BOOKMARK [1][-]{section.1.2}{\376\377\000P\000r\000\351\000s\000e\000n\000t\000a\000t\000i\000o\000n\000\040\000d\000e\000\040\000l\000'\000o\000r\000g\000a\000n\000i\000s\000m\000e\000\040\000d\000'\000a\000c\000c\000u\000e\000i\000l\000\040}{chapter.1}% 4
\BOOKMARK [2][-]{subsection.1.2.1}{\376\377\000O\000r\000g\000a\000n\000i\000s\000m\000e\000\040\000d\000'\000a\000c\000c\000u\000e\000i\000l\000\040\000:\000\040}{section.1.2}% 5
\BOOKMARK [2][-]{subsection.1.2.2}{\376\377\000D\000o\000m\000a\000i\000n\000e\000s\000\040\000d\000'\000a\000c\000t\000i\000v\000i\000t\000\351\000s}{section.1.2}% 6
\BOOKMARK [1][-]{section.1.3}{\376\377\000P\000r\000\351\000s\000e\000n\000t\000a\000t\000i\000o\000n\000\040\000d\000u\000\040\000p\000r\000o\000j\000e\000t}{chapter.1}% 7
\BOOKMARK [2][-]{subsection.1.3.1}{\376\377\000C\000a\000d\000r\000e\000\040\000d\000e\000\040\000p\000r\000o\000j\000e\000t}{section.1.3}% 8
\BOOKMARK [2][-]{subsection.1.3.2}{\376\377\000P\000r\000o\000b\000l\000\351\000m\000a\000t\000i\000q\000u\000e}{section.1.3}% 9
\BOOKMARK [2][-]{subsection.1.3.3}{\376\377\000E\000t\000u\000d\000e\000\040\000d\000e\000\040\000l\040\031\000e\000x\000i\000s\000t\000a\000n\000t}{section.1.3}% 10
\BOOKMARK [2][-]{subsection.1.3.4}{\376\377\000S\000o\000l\000u\000t\000i\000o\000n\000\040\000p\000r\000o\000p\000o\000s\000\351\000e}{section.1.3}% 11
\BOOKMARK [1][-]{section.1.4}{\376\377\000M\000\351\000t\000h\000o\000d\000o\000l\000o\000g\000i\000e\000\040\000d\000e\000\040\000t\000r\000a\000v\000a\000i\000l\000\040\000e\000t\000\040\000p\000l\000a\000n\000i\000f\000i\000c\000a\000t\000i\000o\000n}{chapter.1}% 12
\BOOKMARK [2][-]{subsection.1.4.1}{\376\377\000D\000\351\000f\000i\000n\000i\000t\000i\000o\000n\000\040\000d\000'\000u\000n\000e\000\040\000m\000\351\000t\000h\000o\000d\000o\000l\000o\000g\000i\000e}{section.1.4}% 13
\BOOKMARK [2][-]{subsection.1.4.2}{\376\377\000C\000h\000o\000i\000x\000\040\000d\000e\000\040\000S\000c\000r\000u\000m}{section.1.4}% 14
\BOOKMARK [1][-]{section.1.5}{\376\377\000C\000o\000n\000c\000l\000u\000s\000i\000o\000n\000\040}{chapter.1}% 15
\BOOKMARK [0][-]{chapter*.7}{\376\377\0002\000\040\000A\000n\000a\000l\000y\000s\000e\000\040\000d\000e\000s\000\040\000b\000e\000s\000o\000i\000n\000s}{}% 16
\BOOKMARK [1][-]{section.2.1}{\376\377\000I\000n\000t\000r\000o\000d\000u\000c\000t\000i\000o\000n}{chapter*.7}% 17
\BOOKMARK [1][-]{section.2.2}{\376\377\000A\000n\000a\000l\000y\000s\000e\000\040\000d\000e\000s\000\040\000b\000e\000s\000o\000i\000n\000s}{chapter*.7}% 18
\BOOKMARK [2][-]{subsection.2.2.1}{\376\377\000B\000e\000s\000o\000i\000n\000s\000\040\000f\000o\000n\000c\000t\000i\000o\000n\000n\000e\000l\000s}{section.2.2}% 19
\BOOKMARK [2][-]{subsection.2.2.2}{\376\377\000B\000e\000s\000o\000i\000n\000s\000\040\000n\000o\000n\000\040\000f\000o\000n\000c\000t\000i\000o\000n\000n\000e\000l\000s}{section.2.2}% 20
\BOOKMARK [1][-]{section.2.3}{\376\377\000A\000r\000c\000h\000i\000t\000e\000c\000t\000u\000r\000e}{chapter*.7}% 21
\BOOKMARK [2][-]{subsection.2.3.1}{\376\377\000D\000i\000a\000g\000r\000a\000m\000m\000e\000s\000\040\000d\000e\000s\000\040\000c\000a\000s\000\040\000d\000'\000u\000t\000i\000l\000i\000s\000a\000t\000i\000o\000n}{section.2.3}% 22
\BOOKMARK [2][-]{subsection.2.3.2}{\376\377\000T\000a\000b\000l\000e\000a\000u\000x\000\040\000d\000e\000s\000\040\000c\000a\000s\000\040\000d\000'\000u\000t\000i\000l\000i\000s\000a\000t\000i\000o\000n}{section.2.3}% 23
\BOOKMARK [1][-]{section.2.4}{\376\377\000C\000o\000n\000c\000l\000u\000s\000i\000o\000n}{chapter*.7}% 24
\BOOKMARK [0][-]{chapter*.8}{\376\377\0003\000\040\000M\000o\000d\000\351\000l\000i\000s\000a\000t\000i\000o\000n}{}% 25
\BOOKMARK [1][-]{section.3.1}{\376\377\000I\000n\000t\000r\000o\000d\000u\000c\000t\000i\000o\000n}{chapter*.8}% 26
\BOOKMARK [1][-]{section.3.2}{\376\377\000D\000i\000a\000g\000r\000a\000m\000m\000e\000\040\000d\000e\000\040\000c\000l\000a\000s\000s\000e\000s}{chapter*.8}% 27
\BOOKMARK [1][-]{section.3.3}{\376\377\000D\000i\000a\000g\000r\000a\000m\000m\000e\000\040\000d\000e\000\040\000s\000\351\000q\000u\000e\000n\000c\000e\000s\000\040\000d\000u\000\040\000s\000y\000s\000t\000\350\000m\000e}{chapter*.8}% 28
\BOOKMARK [2][-]{subsection.3.3.1}{\376\377\000D\000i\000a\000g\000r\000a\000m\000m\000e\000\040\000d\000e\000\040\000s\000\351\000q\000u\000e\000n\000c\000e\000\040\000d\000u\000\040\000c\000l\000i\000e\000n\000t\000\040\000:}{section.3.3}% 29
\BOOKMARK [2][-]{subsection.3.3.2}{\376\377\000D\000i\000a\000g\000r\000a\000m\000m\000e\000\040\000d\000e\000\040\000s\000\351\000q\000u\000e\000n\000c\000e\000\040\000d\000e\000\040\000l\000'\000a\000d\000m\000i\000n\000\040\000:}{section.3.3}% 30
\BOOKMARK [1][-]{section.3.4}{\376\377\000C\000o\000n\000c\000l\000u\000s\000i\000o\000n}{chapter*.8}% 31
\BOOKMARK [0][-]{chapter*.9}{\376\377\0004\000\040\000R\000\351\000a\000l\000i\000s\000a\000t\000i\000o\000n}{}% 32
\BOOKMARK [1][-]{section.4.1}{\376\377\000I\000n\000t\000r\000o\000d\000u\000c\000t\000i\000o\000n}{chapter*.9}% 33
\BOOKMARK [1][-]{section.4.2}{\376\377\000E\000n\000v\000i\000r\000o\000n\000n\000e\000m\000e\000n\000t\000\040\000d\000e\000\040\000t\000r\000a\000v\000a\000i\000l}{chapter*.9}% 34
\BOOKMARK [2][-]{subsection.4.2.1}{\376\377\000E\000n\000v\000i\000r\000o\000n\000n\000e\000m\000e\000n\000t\000\040\000m\000a\000t\000\351\000r\000i\000e\000l\000\040}{section.4.2}% 35
\BOOKMARK [2][-]{subsection.4.2.2}{\376\377\000E\000n\000v\000i\000r\000o\000n\000n\000e\000m\000e\000n\000t\000\040\000l\000o\000g\000i\000c\000i\000e\000l}{section.4.2}% 36
\BOOKMARK [1][-]{section.4.3}{\376\377\000T\000e\000c\000h\000n\000o\000l\000o\000g\000i\000e\000s\000\040\000u\000t\000i\000l\000i\000s\000\351\000e\000s\000\040\000:}{chapter*.9}% 37
\BOOKMARK [2][-]{subsection.4.3.1}{\376\377\000H\000T\000M\000L\0005\000\040\000:}{section.4.3}% 38
\BOOKMARK [2][-]{subsection.4.3.2}{\376\377\000C\000S\000S\0003\000\040\000:}{section.4.3}% 39
\BOOKMARK [2][-]{subsection.4.3.3}{\376\377\000R\000e\000a\000c\000t\000\040\000J\000S}{section.4.3}% 40
\BOOKMARK [2][-]{subsection.4.3.4}{\376\377\000N\000o\000d\000e\000\040\000J\000S}{section.4.3}% 41
\BOOKMARK [1][-]{section.4.4}{\376\377\000T\000\342\000c\000h\000e\000s\000\040\000R\000\351\000a\000l\000i\000s\000\351\000e\000s\000\040}{chapter*.9}% 42
\BOOKMARK [1][-]{section.4.5}{\376\377\000C\000o\000n\000c\000l\000u\000s\000i\000o\000n}{chapter*.9}% 43
\BOOKMARK [0][-]{chapter*.10}{\376\377\000C\000o\000n\000c\000l\000u\000s\000i\000o\000n\000\040\000G\000\351\000n\000\351\000r\000a\000l\000e\000\040}{}% 44
\BOOKMARK [0][-]{chapter*.10}{\376\377\000B\000i\000b\000l\000i\000o\000g\000r\000a\000p\000h\000i\000e}{}% 45
